1: C1.CIO 
2: C1.CIO C2.CAL 
3: C1.CIO C2.CAL C3.AG 
4: C1.CIO C2.CAL C3.AG C4.LIS 
6: C1.CIO C2.CAL C3.AG C5.MS 
8: C1.CIO C2.CAL C3.AG C6.LIS 
9: C1.CIO C2.CAL C4.LIS 
10: C1.CIO C2.CAL C4.LIS C5.MS 
12: C1.CIO C2.CAL C4.LIS C5.AG 
14: C1.CIO C2.CAL C5.MS 
15: C1.CIO C2.CAL C5.MS C5.AG 
17: C1.CIO C2.CAL C5.MS C6.LIS 
18: C1.CIO C2.CAL C5.AG 
19: C1.CIO C2.CAL C5.AG C5.MS 
21: C1.CIO C2.CAL C5.AG C6.LIS 
22: C1.CIO C2.CAL C6.LIS 
23: C1.CIO C3.AG 
24: C1.CIO C3.AG C4.LIS 
25: C1.CIO C3.AG C4.LIS C5.MS 
27: C1.CIO C3.AG C4.LIS C6.CAL 
28: C1.CIO C3.AG C5.MS 
29: C1.CIO C3.AG C5.MS C6.CAL 
31: C1.CIO C3.AG C5.MS C6.LIS 
33: C1.CIO C3.AG C6.CAL 
34: C1.CIO C3.AG C6.CAL C6.LIS 
35: C1.CIO C3.AG C6.LIS 
36: C1.CIO C3.AG C6.LIS C6.CAL 
37: C1.CIO C4.LIS 
38: C1.CIO C4.LIS C5.MS 
39: C1.CIO C4.LIS C5.MS C5.AG 
41: C1.CIO C4.LIS C5.MS C6.CAL 
42: C1.CIO C4.LIS C5.AG 
43: C1.CIO C4.LIS C5.AG C5.MS 
45: C1.CIO C4.LIS C5.AG C6.CAL 
46: C1.CIO C4.LIS C6.CAL 
47: C1.CIO C5.MS 
48: C1.CIO C5.MS C5.AG 
49: C1.CIO C5.MS C5.AG C6.CAL 
51: C1.CIO C5.MS C5.AG C6.LIS 
53: C1.CIO C5.MS C6.CAL 
54: C1.CIO C5.MS C6.CAL C6.LIS 
55: C1.CIO C5.MS C6.LIS 
56: C1.CIO C5.MS C6.LIS C6.CAL 
57: C1.CIO C5.AG 
58: C1.CIO C5.AG C5.MS 
59: C1.CIO C5.AG C5.MS C6.CAL 
61: C1.CIO C5.AG C5.MS C6.LIS 
63: C1.CIO C5.AG C6.CAL 
64: C1.CIO C5.AG C6.CAL C6.LIS 
65: C1.CIO C5.AG C6.LIS 
66: C1.CIO C5.AG C6.LIS C6.CAL 
67: C1.CIO C6.CAL 
68: C1.CIO C6.CAL C6.LIS 
69: C1.CIO C6.LIS 
70: C1.CIO C6.LIS C6.CAL 
71: C2.CAL 
72: C2.CAL C3.AG 
73: C2.CAL C3.AG C3.CIO 
74: C2.CAL C3.AG C3.CIO C4.LIS 
76: C2.CAL C3.AG C3.CIO C5.MS 
78: C2.CAL C3.AG C3.CIO C6.LIS 
79: C2.CAL C3.AG C4.LIS 
80: C2.CAL C3.AG C4.LIS C5.MS 
81: C2.CAL C3.AG C5.MS 
82: C2.CAL C3.AG C5.MS C6.LIS 
83: C2.CAL C3.AG C6.LIS 
84: C2.CAL C3.CIO 
85: C2.CAL C3.CIO C3.AG 
86: C2.CAL C3.CIO C3.AG C4.LIS 
88: C2.CAL C3.CIO C3.AG C5.MS 
90: C2.CAL C3.CIO C3.AG C6.LIS 
91: C2.CAL C3.CIO C4.LIS 
92: C2.CAL C3.CIO C4.LIS C5.MS 
94: C2.CAL C3.CIO C4.LIS C5.AG 
96: C2.CAL C3.CIO C5.MS 
97: C2.CAL C3.CIO C5.MS C5.AG 
99: C2.CAL C3.CIO C5.MS C6.LIS 
100: C2.CAL C3.CIO C5.AG 
101: C2.CAL C3.CIO C5.AG C5.MS 
103: C2.CAL C3.CIO C5.AG C6.LIS 
104: C2.CAL C3.CIO C6.LIS 
105: C2.CAL C4.LIS 
106: C2.CAL C4.LIS C5.MS 
107: C2.CAL C4.LIS C5.MS C5.AG 
108: C2.CAL C4.LIS C5.AG 
109: C2.CAL C4.LIS C5.AG C5.MS 
110: C2.CAL C5.MS 
111: C2.CAL C5.MS C5.AG 
112: C2.CAL C5.MS C5.AG C6.LIS 
113: C2.CAL C5.MS C6.LIS 
114: C2.CAL C5.AG 
115: C2.CAL C5.AG C5.MS 
116: C2.CAL C5.AG C5.MS C6.LIS 
117: C2.CAL C5.AG C6.LIS 
118: C2.CAL C6.LIS 
119: C3.AG 
120: C3.AG C3.CIO 
121: C3.AG C3.CIO C4.LIS 
122: C3.AG C3.CIO C4.LIS C5.MS 
124: C3.AG C3.CIO C4.LIS C6.CAL 
125: C3.AG C3.CIO C5.MS 
126: C3.AG C3.CIO C5.MS C6.CAL 
128: C3.AG C3.CIO C5.MS C6.LIS 
130: C3.AG C3.CIO C6.CAL 
131: C3.AG C3.CIO C6.CAL C6.LIS 
132: C3.AG C3.CIO C6.LIS 
133: C3.AG C3.CIO C6.LIS C6.CAL 
134: C3.AG C4.LIS 
135: C3.AG C4.LIS C5.MS 
136: C3.AG C4.LIS C5.MS C6.CAL 
137: C3.AG C4.LIS C6.CAL 
138: C3.AG C5.MS 
139: C3.AG C5.MS C6.CAL 
140: C3.AG C5.MS C6.CAL C6.LIS 
141: C3.AG C5.MS C6.LIS 
142: C3.AG C5.MS C6.LIS C6.CAL 
143: C3.AG C6.CAL 
144: C3.AG C6.CAL C6.LIS 
145: C3.AG C6.LIS 
146: C3.AG C6.LIS C6.CAL 
147: C3.CIO 
148: C3.CIO C3.AG 
149: C3.CIO C3.AG C4.LIS 
150: C3.CIO C3.AG C4.LIS C5.MS 
152: C3.CIO C3.AG C4.LIS C6.CAL 
153: C3.CIO C3.AG C5.MS 
154: C3.CIO C3.AG C5.MS C6.CAL 
156: C3.CIO C3.AG C5.MS C6.LIS 
158: C3.CIO C3.AG C6.CAL 
159: C3.CIO C3.AG C6.CAL C6.LIS 
160: C3.CIO C3.AG C6.LIS 
161: C3.CIO C3.AG C6.LIS C6.CAL 
162: C3.CIO C4.LIS 
163: C3.CIO C4.LIS C5.MS 
164: C3.CIO C4.LIS C5.MS C5.AG 
166: C3.CIO C4.LIS C5.MS C6.CAL 
167: C3.CIO C4.LIS C5.AG 
168: C3.CIO C4.LIS C5.AG C5.MS 
170: C3.CIO C4.LIS C5.AG C6.CAL 
171: C3.CIO C4.LIS C6.CAL 
172: C3.CIO C5.MS 
173: C3.CIO C5.MS C5.AG 
174: C3.CIO C5.MS C5.AG C6.CAL 
176: C3.CIO C5.MS C5.AG C6.LIS 
178: C3.CIO C5.MS C6.CAL 
179: C3.CIO C5.MS C6.CAL C6.LIS 
180: C3.CIO C5.MS C6.LIS 
181: C3.CIO C5.MS C6.LIS C6.CAL 
182: C3.CIO C5.AG 
183: C3.CIO C5.AG C5.MS 
184: C3.CIO C5.AG C5.MS C6.CAL 
186: C3.CIO C5.AG C5.MS C6.LIS 
188: C3.CIO C5.AG C6.CAL 
189: C3.CIO C5.AG C6.CAL C6.LIS 
190: C3.CIO C5.AG C6.LIS 
191: C3.CIO C5.AG C6.LIS C6.CAL 
192: C3.CIO C6.CAL 
193: C3.CIO C6.CAL C6.LIS 
194: C3.CIO C6.LIS 
195: C3.CIO C6.LIS C6.CAL 
196: C4.LIS 
197: C4.LIS C5.MS 
198: C4.LIS C5.MS C5.AG 
199: C4.LIS C5.MS C5.AG C6.CAL 
200: C4.LIS C5.MS C6.CAL 
201: C4.LIS C5.AG 
202: C4.LIS C5.AG C5.MS 
203: C4.LIS C5.AG C5.MS C6.CAL 
204: C4.LIS C5.AG C6.CAL 
205: C4.LIS C6.CAL 
206: C5.MS 
207: C5.MS C5.AG 
208: C5.MS C5.AG C6.CAL 
209: C5.MS C5.AG C6.CAL C6.LIS 
210: C5.MS C5.AG C6.LIS 
211: C5.MS C5.AG C6.LIS C6.CAL 
212: C5.MS C6.CAL 
213: C5.MS C6.CAL C6.LIS 
214: C5.MS C6.LIS 
215: C5.MS C6.LIS C6.CAL 
216: C5.AG 
217: C5.AG C5.MS 
218: C5.AG C5.MS C6.CAL 
219: C5.AG C5.MS C6.CAL C6.LIS 
220: C5.AG C5.MS C6.LIS 
221: C5.AG C5.MS C6.LIS C6.CAL 
222: C5.AG C6.CAL 
223: C5.AG C6.CAL C6.LIS 
224: C5.AG C6.LIS 
225: C5.AG C6.LIS C6.CAL 
226: C6.CAL 
227: C6.CAL C6.LIS 
228: C6.LIS 
229: C6.LIS C6.CAL 
