5: C1.CIO C2.CAL C3.AG C4.LIS C5.MS 
7: C1.CIO C2.CAL C3.AG C5.MS C6.LIS 
11: C1.CIO C2.CAL C4.LIS C5.MS C5.AG 
13: C1.CIO C2.CAL C4.LIS C5.AG C5.MS 
16: C1.CIO C2.CAL C5.MS C5.AG C6.LIS 
20: C1.CIO C2.CAL C5.AG C5.MS C6.LIS 
26: C1.CIO C3.AG C4.LIS C5.MS C6.CAL 
30: C1.CIO C3.AG C5.MS C6.CAL C6.LIS 
32: C1.CIO C3.AG C5.MS C6.LIS C6.CAL 
40: C1.CIO C4.LIS C5.MS C5.AG C6.CAL 
44: C1.CIO C4.LIS C5.AG C5.MS C6.CAL 
50: C1.CIO C5.MS C5.AG C6.CAL C6.LIS 
52: C1.CIO C5.MS C5.AG C6.LIS C6.CAL 
60: C1.CIO C5.AG C5.MS C6.CAL C6.LIS 
62: C1.CIO C5.AG C5.MS C6.LIS C6.CAL 
75: C2.CAL C3.AG C3.CIO C4.LIS C5.MS 
77: C2.CAL C3.AG C3.CIO C5.MS C6.LIS 
87: C2.CAL C3.CIO C3.AG C4.LIS C5.MS 
89: C2.CAL C3.CIO C3.AG C5.MS C6.LIS 
93: C2.CAL C3.CIO C4.LIS C5.MS C5.AG 
95: C2.CAL C3.CIO C4.LIS C5.AG C5.MS 
98: C2.CAL C3.CIO C5.MS C5.AG C6.LIS 
102: C2.CAL C3.CIO C5.AG C5.MS C6.LIS 
123: C3.AG C3.CIO C4.LIS C5.MS C6.CAL 
127: C3.AG C3.CIO C5.MS C6.CAL C6.LIS 
129: C3.AG C3.CIO C5.MS C6.LIS C6.CAL 
151: C3.CIO C3.AG C4.LIS C5.MS C6.CAL 
155: C3.CIO C3.AG C5.MS C6.CAL C6.LIS 
157: C3.CIO C3.AG C5.MS C6.LIS C6.CAL 
165: C3.CIO C4.LIS C5.MS C5.AG C6.CAL 
169: C3.CIO C4.LIS C5.AG C5.MS C6.CAL 
175: C3.CIO C5.MS C5.AG C6.CAL C6.LIS 
177: C3.CIO C5.MS C5.AG C6.LIS C6.CAL 
185: C3.CIO C5.AG C5.MS C6.CAL C6.LIS 
187: C3.CIO C5.AG C5.MS C6.LIS C6.CAL 
